2020-02-22 13:20:39,323 INFO  []                      Main 334  | Environment:
- Audiveris:    5.1.0:4687c3527
- OS:           Windows 10 10.0
- Architecture: x86
- Java VM:      Java HotSpot(TM) Client VM (build 25.231-b11, mixed mode)
- OCR Engine:   No OCR is available!
2020-02-22 13:20:39,338 INFO  []                       CLI 217  | CLI args: [-batch, -export, -output, ./build, ./zizi.png]
2020-02-22 13:20:39,369 INFO  []             AliasPatterns 128  | Alias patterns: [(IMSLP[0-9]*)-.*]
2020-02-22 13:20:39,369 INFO  []                      Main 147  | Running in batch mode
2020-02-22 13:20:39,463 INFO  []                      Main 251  | Submitting 1 task(s) in sequence:
    Input ".\zizi.png"
2020-02-22 13:20:39,494 INFO  [zizi]                      Book 473  | 1 sheet in .\zizi.png
2020-02-22 13:20:39,588 INFO  []                      Book 1660 | Stored /book.xml
2020-02-22 13:20:39,588 INFO  []                      Book 1613 | Book stored as .\build\zizi\zizi.omr
2020-02-22 13:20:39,604 INFO  []                      Book 1327 | Book reaching PAGE on sheets:[#1]
2020-02-22 13:20:39,604 INFO  [zizi]            StepMonitoring 93   | LOAD
2020-02-22 13:20:39,636 INFO  [zizi]                      Book 1226 | Loaded image 1 2520x1386 from .\zizi.png
2020-02-22 13:20:39,636 INFO  [zizi]            StepMonitoring 93   | BINARY
2020-02-22 13:20:39,948 INFO  [zizi]            StepMonitoring 93   | SCALE
2020-02-22 13:20:39,963 INFO  [zizi]              ScaleBuilder 492  | Beam minHeight:6 maxHeight:19 quorum:989
2020-02-22 13:20:39,963 INFO  [zizi]                 ScaleStep 84   | Scale{line(2,3,4) interline(21,21,22) beam(12)}
2020-02-22 13:20:39,963 INFO  [zizi]            StepMonitoring 93   | GRID
2020-02-22 13:20:40,151 INFO  [zizi]            LinesRetriever 447  | Global slope: 0.01201
2020-02-22 13:20:40,166 INFO  [zizi]         ClustersRetriever 235  | Retrieved line clusters: 4 of size: 5 with interline: interline(21,21,22)
2020-02-22 13:20:40,260 INFO  [zizi]                 PeakGraph 177  | Systems: #1[1, 2] #2[3, 4]
2020-02-22 13:20:40,510 INFO  [zizi]             SystemManager 648  | Indentation detected for system#1
2020-02-22 13:20:40,510 INFO  [zizi]             SystemManager 731  | 1 part along 2 systems
2020-02-22 13:20:40,510 INFO  [zizi]            StepMonitoring 93   | HEADERS
2020-02-22 13:20:40,635 INFO  [zizi]           BasicClassifier 362  | Classifier loaded XML norms.
2020-02-22 13:20:40,651 INFO  [zizi]        AbstractClassifier 348  | Classifier data loaded from default uri jar:file:/C:/Users/igor/Documents/MuseScore3Development/Plugins/avsomr_local/audiveris/win/Audiveris32/lib/audiveris.jar!/res/basic-classifier.zip
2020-02-22 13:20:40,932 INFO  [zizi]            StepMonitoring 93   | STEM_SEEDS
2020-02-22 13:20:40,979 INFO  [zizi]             StemSeedsStep 93   | stem(2 max:3)
2020-02-22 13:20:41,010 INFO  [zizi]            StepMonitoring 93   | BEAMS
2020-02-22 13:20:43,885 INFO  [zizi]            BlackHeadSizer 95   | Spots black-head retrieval diameter: 18.9
2020-02-22 13:20:44,105 INFO  [zizi]            BlackHeadSizer 243  | Core black head count: 23 blackHead(width:24.7~0.5 height:23.5~0.9)
2020-02-22 13:20:44,105 INFO  [zizi]            BlackHeadSizer 248  | MusicFont{name:MusicalSymbols pointSize:83}
2020-02-22 13:20:44,166 INFO  [zizi]                 BeamsStep 86   | BeamDistance{count:14 mean:19.14 stdDev:1.35}
2020-02-22 13:20:44,166 INFO  [zizi]            StepMonitoring 93   | LEDGERS
2020-02-22 13:20:44,338 INFO  [zizi]            StepMonitoring 93   | HEADS
2020-02-22 13:20:48,664 INFO  [zizi]            StepMonitoring 93   | STEMS
2020-02-22 13:20:48,826 INFO  [zizi]            StepMonitoring 93   | REDUCTION
2020-02-22 13:20:48,867 INFO  [zizi]            StepMonitoring 93   | CUE_BEAMS
2020-02-22 13:20:48,868 INFO  [zizi]            StepMonitoring 93   | TEXTS
2020-02-22 13:20:48,869 WARN  [zizi]                 TextsStep 82   | TEXTS step: No OCR is available!
2020-02-22 13:20:48,874 INFO  [zizi]            StepMonitoring 93   | MEASURES
2020-02-22 13:20:48,875 INFO  [zizi]                      Page 251  | 8 raw measures: [4 in system#1, 4 in system#2]
2020-02-22 13:20:48,880 INFO  [zizi]            StepMonitoring 93   | CHORDS
2020-02-22 13:20:48,894 INFO  [zizi]            StepMonitoring 93   | CURVES
2020-02-22 13:20:49,476 INFO  [zizi]              SlursBuilder 156  | Slurs: 0
2020-02-22 13:20:49,480 INFO  [zizi]           SegmentsBuilder 110  | Segments: 10
2020-02-22 13:20:49,484 INFO  [zizi]            StepMonitoring 93   | SYMBOLS
2020-02-22 13:20:49,654 INFO  [zizi]            SymbolsBuilder 336  | Symbol parts shrunk from 18 to 7
2020-02-22 13:20:49,658 INFO  [zizi]              InterFactory 517  | No support yet for TIME_ZERO
2020-02-22 13:20:49,666 INFO  [zizi]            SymbolsBuilder 336  | Symbol parts shrunk from 9 to 7
2020-02-22 13:20:49,741 INFO  [zizi]            SymbolsBuilder 336  | Symbol parts shrunk from 9 to 7
2020-02-22 13:20:49,798 INFO  [zizi]            StepMonitoring 93   | LINKS
2020-02-22 13:20:49,808 INFO  [zizi]            StepMonitoring 93   | RHYTHMS
2020-02-22 13:20:49,848 INFO  [zizi]            StepMonitoring 93   | PAGE
2020-02-22 13:20:49,852 INFO  [zizi]                 SheetStub 974  | Stub#1 storing
2020-02-22 13:20:49,855 INFO  [zizi]                      Book 1660 | Stored /book.xml
2020-02-22 13:20:49,981 INFO  [zizi]                   Picture 784  | Stored /sheet#1/BINARY.xml
2020-02-22 13:20:50,346 INFO  [zizi]                     Sheet 1246 | Stored /sheet#1/sheet#1.xml
2020-02-22 13:20:50,346 INFO  [zizi]                 SheetStub 979  | Sheet{zizi} disposed
2020-02-22 13:20:50,584 INFO  [zizi]                 SheetStub 632  | Loaded /sheet#1/sheet#1.xml
2020-02-22 13:20:50,584 INFO  [zizi]                      Book 1451 | Scores built: 1
2020-02-22 13:20:51,237 INFO  [zizi]             ScoreExporter 88   | Score zizi exported to .\build\zizi\zizi.mxl
2020-02-22 13:20:51,284 INFO  [zizi]                      Book 1660 | Stored /book.xml
2020-02-22 13:20:51,285 INFO  [zizi]                      Book 1613 | Book stored as .\build\zizi\zizi.omr
