2020-02-22 12:52:43,196 INFO [zizi]                 Book.java:473  | 1 sheet in .\zizi.png
2020-02-22 12:52:43,290 INFO []                 Book.java:1660 | Stored /book.xml
2020-02-22 12:52:43,290 INFO []                 Book.java:1613 | Book stored as .\build\zizi\zizi.omr
2020-02-22 12:52:43,290 INFO []                 Book.java:1327 | Book reaching PAGE on sheets:[#1]
2020-02-22 12:52:43,305 INFO [zizi]       StepMonitoring.java:93   | LOAD
2020-02-22 12:52:43,337 INFO [zizi]                 Book.java:1226 | Loaded image 1 2520x1386 from .\zizi.png
2020-02-22 12:52:43,337 INFO [zizi]       StepMonitoring.java:93   | BINARY
2020-02-22 12:52:43,630 INFO [zizi]       StepMonitoring.java:93   | SCALE
2020-02-22 12:52:43,646 INFO [zizi]         ScaleBuilder.java:492  | Beam minHeight:6 maxHeight:19 quorum:989
2020-02-22 12:52:43,646 INFO [zizi]            ScaleStep.java:84   | Scale{line(2,3,4) interline(21,21,22) beam(12)}
2020-02-22 12:52:43,646 INFO [zizi]       StepMonitoring.java:93   | GRID
2020-02-22 12:52:43,833 INFO [zizi]       LinesRetriever.java:447  | Global slope: 0.01201
2020-02-22 12:52:43,849 INFO [zizi]    ClustersRetriever.java:235  | Retrieved line clusters: 4 of size: 5 with interline: interline(21,21,22)
2020-02-22 12:52:43,943 INFO [zizi]            PeakGraph.java:177  | Systems: #1[1, 2] #2[3, 4]
2020-02-22 12:52:44,193 INFO [zizi]        SystemManager.java:648  | Indentation detected for system#1
2020-02-22 12:52:44,193 INFO [zizi]        SystemManager.java:731  | 1 part along 2 systems
2020-02-22 12:52:44,193 INFO [zizi]       StepMonitoring.java:93   | HEADERS
2020-02-22 12:52:44,298 INFO [zizi]      BasicClassifier.java:362  | Classifier loaded XML norms.
2020-02-22 12:52:44,298 INFO [zizi]   AbstractClassifier.java:348  | Classifier data loaded from default uri jar:file:/C:/Users/igor/Documents/MuseScore3Development/Plugins/avsomr_local/audiveris/win/Audiveris32/lib/audiveris.jar!/res/basic-classifier.zip
2020-02-22 12:52:44,611 INFO [zizi]       StepMonitoring.java:93   | STEM_SEEDS
2020-02-22 12:52:44,642 INFO [zizi]        StemSeedsStep.java:93   | stem(2 max:3)
2020-02-22 12:52:44,673 INFO [zizi]       StepMonitoring.java:93   | BEAMS
2020-02-22 12:52:47,611 INFO [zizi]       BlackHeadSizer.java:95   | Spots black-head retrieval diameter: 18.9
2020-02-22 12:52:47,814 INFO [zizi]       BlackHeadSizer.java:243  | Core black head count: 23 blackHead(width:24.7~0.5 height:23.5~0.9)
2020-02-22 12:52:47,830 INFO [zizi]       BlackHeadSizer.java:248  | MusicFont{name:MusicalSymbols pointSize:83}
2020-02-22 12:52:47,892 INFO [zizi]            BeamsStep.java:86   | BeamDistance{count:14 mean:19.14 stdDev:1.35}
2020-02-22 12:52:47,892 INFO [zizi]       StepMonitoring.java:93   | LEDGERS
2020-02-22 12:52:48,033 INFO [zizi]       StepMonitoring.java:93   | HEADS
2020-02-22 12:52:52,330 INFO [zizi]       StepMonitoring.java:93   | STEMS
2020-02-22 12:52:52,486 INFO [zizi]       StepMonitoring.java:93   | REDUCTION
2020-02-22 12:52:52,517 INFO [zizi]       StepMonitoring.java:93   | CUE_BEAMS
2020-02-22 12:52:52,517 INFO [zizi]       StepMonitoring.java:93   | TEXTS
2020-02-22 12:52:52,689 WARN [zizi]       TesseractOrder.java:166  | Could not initialize Tesseract with lang deu+eng+fra
2020-02-22 12:52:52,689 WARN [zizi]            SheetStub.java:845  | Error in performing [LOAD, BINARY, SCALE, GRID, HEADERS, STEM_SEEDS, BEAMS, LEDGERS, HEADS, STEMS, REDUCTION, CUE_BEAMS, TEXTS, MEASURES, CHORDS, CURVES, SYMBOLS, LINKS, RHYTHMS, PAGE] java.util.concurrent.ExecutionException: java.lang.NullPointerException
java.util.concurrent.ExecutionException: java.lang.NullPointerException
	at java.util.concurrent.FutureTask.report(FutureTask.java:122)
	at java.util.concurrent.FutureTask.get(FutureTask.java:206)
	at org.audiveris.omr.sheet.SheetStub.doOneStep(SheetStub.java:1111)
	at org.audiveris.omr.sheet.SheetStub.reachStep(SheetStub.java:832)
	at org.audiveris.omr.sheet.Book.reachBookStep(Book.java:1393)
	at org.audiveris.omr.sheet.Book.transcribe(Book.java:1718)
	at org.audiveris.omr.sheet.Book.export(Book.java:591)
	at org.audiveris.omr.CLI$ProcessingTask.processBook(CLI.java:447)
	at org.audiveris.omr.CLI$CliTask.call(CLI.java:538)
	at org.audiveris.omr.Main.runBatchTasks(Main.java:312)
	at org.audiveris.omr.Main.main(Main.java:153)
	at Audiveris.main(Audiveris.java:49)
Caused by: java.lang.NullPointerException: null
	at java.util.ArrayList.addAll(ArrayList.java:581)
	at org.audiveris.omr.text.TextsStep.doProlog(TextsStep.java:80)
	at org.audiveris.omr.text.TextsStep.doProlog(TextsStep.java:42)
	at org.audiveris.omr.step.AbstractSystemStep.doit(AbstractSystemStep.java:98)
	at org.audiveris.omr.step.Step.doit(Step.java:184)
	at org.audiveris.omr.sheet.SheetStub$4.call(SheetStub.java:1101)
	at org.audiveris.omr.sheet.SheetStub$4.call(SheetStub.java:1089)
	at java.util.concurrent.FutureTask.run(FutureTask.java:266)
	at java.util.concurrent.ThreadPoolExecutor.runWorker(ThreadPoolExecutor.java:1149)
	at java.util.concurrent.ThreadPoolExecutor$Worker.run(ThreadPoolExecutor.java:624)
	at java.lang.Thread.run(Thread.java:748)
2020-02-22 12:52:52,705 INFO [zizi]                 Book.java:1451 | Scores built: 1
2020-02-22 12:52:53,298 INFO [zizi]        ScoreExporter.java:88   | Score zizi exported to .\build\zizi\zizi.mxl
2020-02-22 12:52:53,345 INFO [zizi]                 Book.java:1660 | Stored /book.xml
2020-02-22 12:52:53,470 INFO [zizi]              Picture.java:784  | Stored /sheet#1/BINARY.xml
2020-02-22 12:52:53,751 INFO [zizi]                Sheet.java:1246 | Stored /sheet#1/sheet#1.xml
2020-02-22 12:52:53,751 INFO [zizi]                 Book.java:1613 | Book stored as .\build\zizi\zizi.omr
