2020-02-22 12:57:52,637 INFO [zizi]                 Book.java:473  | 1 sheet in ./zizi.png
2020-02-22 12:57:52,726 INFO []                 Book.java:1660 | Stored /book.xml
2020-02-22 12:57:52,726 INFO []                 Book.java:1613 | Book stored as ./build/zizi/zizi.omr
2020-02-22 12:57:52,727 INFO []                 Book.java:1327 | Book reaching PAGE on sheets:[#1]
2020-02-22 12:57:52,728 INFO [zizi]       StepMonitoring.java:93   | LOAD
2020-02-22 12:57:52,761 INFO [zizi]                 Book.java:1226 | Loaded image 1 2520x1386 from ./zizi.png
2020-02-22 12:57:52,763 INFO [zizi]       StepMonitoring.java:93   | BINARY
2020-02-22 12:57:52,958 INFO [zizi]       StepMonitoring.java:93   | SCALE
2020-02-22 12:57:52,972 INFO [zizi]         ScaleBuilder.java:492  | Beam minHeight:6 maxHeight:19 quorum:989
2020-02-22 12:57:52,973 INFO [zizi]            ScaleStep.java:84   | Scale{line(2,3,4) interline(21,21,22) beam(12)}
2020-02-22 12:57:52,975 INFO [zizi]       StepMonitoring.java:93   | GRID
2020-02-22 12:57:53,174 INFO [zizi]       LinesRetriever.java:447  | Global slope: 0.01201
2020-02-22 12:57:53,191 INFO [zizi]    ClustersRetriever.java:235  | Retrieved line clusters: 4 of size: 5 with interline: interline(21,21,22)
2020-02-22 12:57:53,281 INFO [zizi]            PeakGraph.java:177  | Systems: #1[1, 2] #2[3, 4]
2020-02-22 12:57:53,490 INFO [zizi]        SystemManager.java:648  | Indentation detected for system#1
2020-02-22 12:57:53,491 INFO [zizi]        SystemManager.java:731  | 1 part along 2 systems
2020-02-22 12:57:53,492 INFO [zizi]       StepMonitoring.java:93   | HEADERS
2020-02-22 12:57:53,632 INFO [zizi]      BasicClassifier.java:362  | Classifier loaded XML norms.
2020-02-22 12:57:53,634 INFO [zizi]   AbstractClassifier.java:348  | Classifier data loaded from default uri jar:file:/home/igor/%d0%94%d0%be%d0%ba%d1%83%d0%bc%d0%b5%d0%bd%d1%82%d1%8b/MuseScore3Development/Plugins/avsomr_local/audiveris/lin/Audiveris/lib/audiveris.jar!/res/basic-classifier.zip
2020-02-22 12:57:53,978 INFO [zizi]       StepMonitoring.java:93   | STEM_SEEDS
2020-02-22 12:57:54,003 INFO [zizi]        StemSeedsStep.java:93   | stem(2 max:3)
2020-02-22 12:57:54,044 INFO [zizi]       StepMonitoring.java:93   | BEAMS
2020-02-22 12:57:55,594 INFO [zizi]       BlackHeadSizer.java:95   | Spots black-head retrieval diameter: 18.9
2020-02-22 12:57:55,713 INFO [zizi]       BlackHeadSizer.java:243  | Core black head count: 23 blackHead(width:24.7~0.5 height:23.5~0.9)
2020-02-22 12:57:55,714 INFO [zizi]       BlackHeadSizer.java:248  | MusicFont{name:MusicalSymbols pointSize:83}
2020-02-22 12:57:55,830 INFO [zizi]            BeamsStep.java:86   | BeamDistance{count:14 mean:19.14 stdDev:1.35}
2020-02-22 12:57:55,830 INFO [zizi]       StepMonitoring.java:93   | LEDGERS
2020-02-22 12:57:55,928 INFO [zizi]       StepMonitoring.java:93   | HEADS
2020-02-22 12:57:57,189 INFO [zizi]       StepMonitoring.java:93   | STEMS
2020-02-22 12:57:57,387 INFO [zizi]       StepMonitoring.java:93   | REDUCTION
2020-02-22 12:57:57,435 INFO [zizi]       StepMonitoring.java:93   | CUE_BEAMS
2020-02-22 12:57:57,436 INFO [zizi]       StepMonitoring.java:93   | TEXTS
2020-02-22 12:57:57,438 WARN [zizi]            TextsStep.java:82   | TEXTS step: No OCR is available!
2020-02-22 12:57:57,442 INFO [zizi]       StepMonitoring.java:93   | MEASURES
2020-02-22 12:57:57,450 INFO [zizi]                 Page.java:251  | 8 raw measures: [4 in system#1, 4 in system#2]
2020-02-22 12:57:57,451 INFO [zizi]       StepMonitoring.java:93   | CHORDS
2020-02-22 12:57:57,469 INFO [zizi]       StepMonitoring.java:93   | CURVES
2020-02-22 12:57:57,896 INFO [zizi]         SlursBuilder.java:156  | Slurs: 0
2020-02-22 12:57:57,901 INFO [zizi]      SegmentsBuilder.java:110  | Segments: 10
2020-02-22 12:57:57,904 INFO [zizi]       StepMonitoring.java:93   | SYMBOLS
2020-02-22 12:57:58,044 INFO [zizi]       SymbolsBuilder.java:331  | Symbol parts shrunk from 18 to 7
2020-02-22 12:57:58,047 INFO [zizi]         InterFactory.java:517  | No support yet for TIME_ZERO
2020-02-22 12:57:58,054 INFO [zizi]       SymbolsBuilder.java:331  | Symbol parts shrunk from 9 to 7
2020-02-22 12:57:58,119 INFO [zizi]       SymbolsBuilder.java:331  | Symbol parts shrunk from 9 to 7
2020-02-22 12:57:58,169 INFO [zizi]       StepMonitoring.java:93   | LINKS
2020-02-22 12:57:58,183 INFO [zizi]       StepMonitoring.java:93   | RHYTHMS
2020-02-22 12:57:58,232 INFO [zizi]       StepMonitoring.java:93   | PAGE
2020-02-22 12:57:58,235 INFO [zizi]            SheetStub.java:974  | Stub#1 storing
2020-02-22 12:57:58,237 INFO [zizi]                 Book.java:1660 | Stored /book.xml
2020-02-22 12:57:58,316 INFO [zizi]              Picture.java:784  | Stored /sheet#1/BINARY.xml
2020-02-22 12:57:58,588 INFO [zizi]                Sheet.java:1246 | Stored /sheet#1/sheet#1.xml
2020-02-22 12:57:58,589 INFO [zizi]            SheetStub.java:979  | Sheet{zizi} disposed
2020-02-22 12:57:58,792 INFO [zizi]            SheetStub.java:632  | Loaded /sheet#1/sheet#1.xml
2020-02-22 12:57:58,793 INFO [zizi]                 Book.java:1451 | Scores built: 1
2020-02-22 12:57:59,298 INFO [zizi]        ScoreExporter.java:88   | Score zizi exported to ./build/zizi/zizi.mxl
2020-02-22 12:57:59,361 INFO [zizi]                 Book.java:1660 | Stored /book.xml
2020-02-22 12:57:59,362 INFO [zizi]                 Book.java:1613 | Book stored as ./build/zizi/zizi.omr
